<?xml version="1.0" encoding="UTF-8" ?>
<testsuite tests="4" failures="0" name="org.apache.pluto.driver.services.portal.PortletWindowConfigTest" time="0.003" errors="0" skipped="0">
  <properties>
[...]
</properties>
  <testcase classname="org.apache.pluto.driver.services.portal.PortletWindowConfigTest" name="testCreatePortletId" time="0"/>
  <testcase classname="org.apache.pluto.driver.services.portal.PortletWindowConfigTest" name="testParseInvalidId" time="0.001"/>
  <testcase classname="org.apache.pluto.driver.services.portal.PortletWindowConfigTest" name="testParseContextPath" time="0"/>
  <testcase classname="org.apache.pluto.driver.services.portal.PortletWindowConfigTest" name="testParsePortletName" time="0"/>
</testsuite>